<?xml version="1.0" encoding="UTF-8" ?>
<testsuite tests="56" failures="0" name="cucumberOptions.TestRunner" time="0.004" errors="0" skipped="0">
  <properties>
    <property name="java.runtime.name" value="Java(TM) SE Runtime Environment"/>
    <property name="sun.boot.library.path" value="C:\Program Files\Java\jdk1.8.0_231\jre\bin"/>
    <property name="java.vm.version" value="25.231-b11"/>
    <property name="java.vm.vendor" value="Oracle Corporation"/>
    <property name="maven.multiModuleProjectDirectory" value="C:\Users\vilda\eclipse-workspace\Udemy_Cucumber"/>
    <property name="java.vendor.url" value="http://java.oracle.com/"/>
    <property name="path.separator" value=";"/>
    <property name="guice.disable.misplaced.annotation.check" value="true"/>
    <property name="java.vm.name" value="Java HotSpot(TM) 64-Bit Server VM"/>
    <property name="file.encoding.pkg" value="sun.io"/>
    <property name="user.script" value=""/>
    <property name="user.country" value="US"/>
    <property name="sun.java.launcher" value="SUN_STANDARD"/>
    <property name="sun.os.patch.level" value=""/>
    <property name="test" value="TestRunner"/>
    <property name="java.vm.specification.name" value="Java Virtual Machine Specification"/>
    <property name="user.dir" value="C:\Users\vilda\eclipse-workspace\Udemy_Cucumber"/>
    <property name="java.runtime.version" value="1.8.0_231-b11"/>
    <property name="java.awt.graphicsenv" value="sun.awt.Win32GraphicsEnvironment"/>
    <property name="java.endorsed.dirs" value="C:\Program Files\Java\jdk1.8.0_231\jre\lib\endorsed"/>
    <property name="os.arch" value="amd64"/>
    <property name="java.io.tmpdir" value="C:\Users\vilda\AppData\Local\Temp\"/>
    <property name="line.separator" value="
"/>
    <property name="java.vm.specification.vendor" value="Oracle Corporation"/>
    <property name="user.variant" value=""/>
    <property name="os.name" value="Windows 10"/>
    <property name="classworlds.conf" value="D:\selenium_prerequisite\maven\apache-maven-3.6.3\bin\..\bin\m2.conf"/>
    <property name="sun.jnu.encoding" value="Cp1252"/>
    <property name="java.library.path" value="C:\Program Files\Java\jdk1.8.0_231\bin;C:\WINDOWS\Sun\Java\bin;C:\WINDOWS\system32;C:\WINDOWS;C:\Program Files (x86)\Common Files\Oracle\Java\javapath;C:\Program Files\Java\jdk1.8.0_231\bin;C:\Program Files (x86)\Intel\iCLS Client\;C:\Program Files\Intel\iCLS Client\;C:\Windows\system32;C:\Windows;C:\Windows\System32\Wbem;C:\Windows\System32\WindowsPowerShell\v1.0\;C:\Program Files (x86)\Intel\Intel(R) Management Engine Components\DAL;C:\Program Files\Intel\Intel(R) Management Engine Components\DAL;C:\Program Files (x86)\Intel\Intel(R) Management Engine Components\IPT;C:\Program Files\Intel\Intel(R) Management Engine Components\IPT;C:\Program Files (x86)\NVIDIA Corporation\PhysX\Common;C:\WINDOWS\system32;C:\WINDOWS;C:\WINDOWS\System32\Wbem;C:\WINDOWS\System32\WindowsPowerShell\v1.0\;C:\Program Files (x86)\IVI Foundation\VISA\WinNT\Bin\;C:\Program Files\IVI Foundation\VISA\Win64\Bin\;C:\WINDOWS\System32\OpenSSH\;C:\Program Files (x86)\Microsoft SQL Server\Client SDK\ODBC\130\Tools\Binn\;C:\Program Files (x86)\Microsoft SQL Server\140\Tools\Binn\;C:\Program Files (x86)\Microsoft SQL Server\140\DTS\Binn\;C:\Program Files (x86)\Microsoft SQL Server\140\Tools\Binn\ManagementStudio\;C:\Program Files (x86)\IVI Foundation\VISA\WinNT\Bin;C:\Program Files\Git\cmd;C:\Program Files\Calibre2\;D:\programs\HashiCorp\Vagrant\bin;C:\Program Files\Intel\WiFi\bin\;C:\Program Files\Common Files\Intel\WirelessCommon\;C:\Program Files\Java\jre1.8.0_231\bin;C:\Program Files\SourceGear\Common\DiffMerge\;C:\Program Files\Java\jdk1.8.0_231\bin;D:\selenium_prerequisite\maven\apache-maven-3.6.3\bin;C:\Program Files\PuTTY\;C:\Users\vilda\scoop\shims;C:\Program Files\MySQL\MySQL Shell 8.0\bin\;C:\Users\vilda\AppData\Local\Programs\Python\Python38-32\Scripts\;C:\Users\vilda\AppData\Local\Programs\Python\Python38-32\;C:\Users\vilda\Anaconda3;C:\Users\vilda\Anaconda3\Library\mingw-w64\bin;C:\Users\vilda\Anaconda3\Library\usr\bin;C:\Users\vilda\Anaconda3\Library\bin;C:\Users\vilda\Anaconda3\Scripts;C:\Users\vilda\AppData\Local\Programs\Python\Python37-32\Scripts\;C:\Users\vilda\AppData\Local\Programs\Python\Python37-32\;C:\Users\vilda\AppData\Local\Microsoft\WindowsApps;C:\Users\vilda\AppData\Local\Programs\Microsoft VS Code\bin;C:\Program Files (x86)\Nmap;C:\Program Files\heroku\bin;;."/>
    <property name="maven.conf" value="D:\selenium_prerequisite\maven\apache-maven-3.6.3\bin\../conf"/>
    <property name="java.specification.name" value="Java Platform API Specification"/>
    <property name="java.class.version" value="52.0"/>
    <property name="sun.management.compiler" value="HotSpot 64-Bit Tiered Compilers"/>
    <property name="os.version" value="10.0"/>
    <property name="library.jansi.path" value="D:\selenium_prerequisite\maven\apache-maven-3.6.3\bin\..\lib\jansi-native"/>
    <property name="user.home" value="C:\Users\vilda"/>
    <property name="user.timezone" value="America/New_York"/>
    <property name="java.awt.printerjob" value="sun.awt.windows.WPrinterJob"/>
    <property name="java.specification.version" value="1.8"/>
    <property name="file.encoding" value="Cp1252"/>
    <property name="user.name" value="vildan"/>
    <property name="java.class.path" value="D:\selenium_prerequisite\maven\apache-maven-3.6.3\bin\..\boot\plexus-classworlds-2.6.0.jar"/>
    <property name="java.vm.specification.version" value="1.8"/>
    <property name="sun.arch.data.model" value="64"/>
    <property name="java.home" value="C:\Program Files\Java\jdk1.8.0_231\jre"/>
    <property name="sun.java.command" value="org.codehaus.plexus.classworlds.launcher.Launcher -Dtest=TestRunner test"/>
    <property name="java.specification.vendor" value="Oracle Corporation"/>
    <property name="user.language" value="en"/>
    <property name="awt.toolkit" value="sun.awt.windows.WToolkit"/>
    <property name="java.vm.info" value="mixed mode"/>
    <property name="java.version" value="1.8.0_231"/>
    <property name="java.ext.dirs" value="C:\Program Files\Java\jdk1.8.0_231\jre\lib\ext;C:\WINDOWS\Sun\Java\lib\ext"/>
    <property name="sun.boot.class.path" value="C:\Program Files\Java\jdk1.8.0_231\jre\lib\resources.jar;C:\Program Files\Java\jdk1.8.0_231\jre\lib\rt.jar;C:\Program Files\Java\jdk1.8.0_231\jre\lib\sunrsasign.jar;C:\Program Files\Java\jdk1.8.0_231\jre\lib\jsse.jar;C:\Program Files\Java\jdk1.8.0_231\jre\lib\jce.jar;C:\Program Files\Java\jdk1.8.0_231\jre\lib\charsets.jar;C:\Program Files\Java\jdk1.8.0_231\jre\lib\jfr.jar;C:\Program Files\Java\jdk1.8.0_231\jre\classes"/>
    <property name="sun.stderr.encoding" value="cp437"/>
    <property name="java.vendor" value="Oracle Corporation"/>
    <property name="maven.home" value="D:\selenium_prerequisite\maven\apache-maven-3.6.3\bin\.."/>
    <property name="file.separator" value="\"/>
    <property name="java.vendor.url.bug" value="http://bugreport.sun.com/bugreport/"/>
    <property name="sun.cpu.endian" value="little"/>
    <property name="sun.io.unicode.encoding" value="UnicodeLittle"/>
    <property name="sun.stdout.encoding" value="cp437"/>
    <property name="sun.desktop" value="windows"/>
    <property name="sun.cpu.isalist" value="amd64"/>
  </properties>
  <testcase classname="Scenario: Hoem page default login" name="Given validate the browser" time="0.002"/>
  <testcase classname="Scenario: Hoem page default login" name="When Browser is rtiggerd" time="0"/>
  <testcase classname="Scenario: Hoem page default login" name="Then check if browser is started" time="0"/>
  <testcase classname="Scenario: Hoem page default login" name="Given User is on NetBanking landing page" time="0"/>
  <testcase classname="Scenario: Hoem page default login" name="When User login int application with &quot;jin&quot; and password &quot;1234&quot;" time="0"/>
  <testcase classname="Scenario: Hoem page default login" name="Then Home page is populate" time="0"/>
  <testcase classname="Scenario: Hoem page default login" name="And Cards displayed are &quot;true&quot;" time="0"/>
  <testcase classname="Scenario: Hoem page default login" name="Scenario: Hoem page default login" time="0.001"/>
  <testcase classname="Scenario: Hoem page default login" name="Given validate the browser" time="0"/>
  <testcase classname="Scenario: Hoem page default login" name="When Browser is rtiggerd" time="0"/>
  <testcase classname="Scenario: Hoem page default login" name="Then check if browser is started" time="0"/>
  <testcase classname="Scenario: Hoem page default login" name="Given User is on NetBanking landing page" time="0"/>
  <testcase classname="Scenario: Hoem page default login" name="When User login int application with &quot;john&quot; and password &quot;4321&quot;" time="0"/>
  <testcase classname="Scenario: Hoem page default login" name="Then Home page is populate" time="0"/>
  <testcase classname="Scenario: Hoem page default login" name="And Cards displayed are &quot;false&quot;" time="0"/>
  <testcase classname="Scenario: Hoem page default login" name="Scenario: Hoem page default login" time="0"/>
  <testcase classname="Scenario: Hoem page default login" name="Given validate the browser" time="0"/>
  <testcase classname="Scenario: Hoem page default login" name="When Browser is rtiggerd" time="0"/>
  <testcase classname="Scenario: Hoem page default login" name="Then check if browser is started" time="0"/>
  <testcase classname="Scenario: Hoem page default login" name="Given User is on NetBanking landing page" time="0"/>
  <testcase classname="Scenario: Hoem page default login" name="When User sign up with following details" time="0"/>
  <testcase classname="Scenario: Hoem page default login" name="Then Home page is populate" time="0"/>
  <testcase classname="Scenario: Hoem page default login" name="And Cards displayed are &quot;false&quot;" time="0"/>
  <testcase classname="Scenario: Hoem page default login" name="Scenario: Hoem page default login" time="0"/>
  <testcase classname="| user1 | pass1 |" name="Given validate the browser" time="0"/>
  <testcase classname="| user1 | pass1 |" name="When Browser is rtiggerd" time="0"/>
  <testcase classname="| user1 | pass1 |" name="Then check if browser is started" time="0"/>
  <testcase classname="| user1 | pass1 |" name="Given User is on NetBanking landing page" time="0"/>
  <testcase classname="| user1 | pass1 |" name="When User login in to application with user1 and password pass1" time="0"/>
  <testcase classname="| user1 | pass1 |" name="Then Home page is populate" time="0"/>
  <testcase classname="| user1 | pass1 |" name="And Cards displayed are &quot;true&quot;" time="0"/>
  <testcase classname="| user1 | pass1 |" name="| user1 | pass1 |" time="0.001"/>
  <testcase classname="| user2 | pass2 |" name="Given validate the browser" time="0"/>
  <testcase classname="| user2 | pass2 |" name="When Browser is rtiggerd" time="0"/>
  <testcase classname="| user2 | pass2 |" name="Then check if browser is started" time="0"/>
  <testcase classname="| user2 | pass2 |" name="Given User is on NetBanking landing page" time="0"/>
  <testcase classname="| user2 | pass2 |" name="When User login in to application with user2 and password pass2" time="0"/>
  <testcase classname="| user2 | pass2 |" name="Then Home page is populate" time="0"/>
  <testcase classname="| user2 | pass2 |" name="And Cards displayed are &quot;true&quot;" time="0"/>
  <testcase classname="| user2 | pass2 |" name="| user2 | pass2 |" time="0"/>
  <testcase classname="| user3 | pass3 |" name="Given validate the browser" time="0"/>
  <testcase classname="| user3 | pass3 |" name="When Browser is rtiggerd" time="0"/>
  <testcase classname="| user3 | pass3 |" name="Then check if browser is started" time="0"/>
  <testcase classname="| user3 | pass3 |" name="Given User is on NetBanking landing page" time="0"/>
  <testcase classname="| user3 | pass3 |" name="When User login in to application with user3 and password pass3" time="0"/>
  <testcase classname="| user3 | pass3 |" name="Then Home page is populate" time="0"/>
  <testcase classname="| user3 | pass3 |" name="And Cards displayed are &quot;true&quot;" time="0"/>
  <testcase classname="| user3 | pass3 |" name="| user3 | pass3 |" time="0"/>
  <testcase classname="| user4 | pass4 |" name="Given validate the browser" time="0"/>
  <testcase classname="| user4 | pass4 |" name="When Browser is rtiggerd" time="0"/>
  <testcase classname="| user4 | pass4 |" name="Then check if browser is started" time="0"/>
  <testcase classname="| user4 | pass4 |" name="Given User is on NetBanking landing page" time="0"/>
  <testcase classname="| user4 | pass4 |" name="When User login in to application with user4 and password pass4" time="0"/>
  <testcase classname="| user4 | pass4 |" name="Then Home page is populate" time="0"/>
  <testcase classname="| user4 | pass4 |" name="And Cards displayed are &quot;true&quot;" time="0"/>
  <testcase classname="| user4 | pass4 |" name="| user4 | pass4 |" time="0"/>
</testsuite>